2023-12-29 20:31:13,664 INFO o.a.j.u.JMeterUtils: Setting Locale to en_EN
2023-12-29 20:31:13,695 INFO o.a.j.JMeter: Loading user properties from: user.properties
2023-12-29 20:31:13,707 INFO o.a.j.JMeter: Loading system properties from: system.properties
2023-12-29 20:31:13,716 INFO o.a.j.JMeter: Copyright (c) 1998-2023 The Apache Software Foundation
2023-12-29 20:31:13,716 INFO o.a.j.JMeter: Version 5.6.2
2023-12-29 20:31:13,716 INFO o.a.j.JMeter: java.version=1.8.0_202
2023-12-29 20:31:13,716 INFO o.a.j.JMeter: java.vm.name=Java HotSpot(TM) 64-Bit Server VM
2023-12-29 20:31:13,716 INFO o.a.j.JMeter: os.name=Windows 10
2023-12-29 20:31:13,716 INFO o.a.j.JMeter: os.arch=amd64
2023-12-29 20:31:13,716 INFO o.a.j.JMeter: os.version=10.0
2023-12-29 20:31:13,717 INFO o.a.j.JMeter: file.encoding=Cp1252
2023-12-29 20:31:13,717 INFO o.a.j.JMeter: java.awt.headless=null
2023-12-29 20:31:13,717 INFO o.a.j.JMeter: Max memory     =1073741824
2023-12-29 20:31:13,717 INFO o.a.j.JMeter: Available Processors =8
2023-12-29 20:31:13,726 INFO o.a.j.JMeter: Default Locale=English (EN)
2023-12-29 20:31:13,727 INFO o.a.j.JMeter: JMeter  Locale=English (EN)
2023-12-29 20:31:13,727 INFO o.a.j.JMeter: JMeterHome=C:\SPRINTS\SPRINT-6\switch-qa-23-project-switch-qa-23-3\libs\apache-jmeter-5.6.2
2023-12-29 20:31:13,727 INFO o.a.j.JMeter: user.dir  =C:\SPRINTS\SPRINT-6\switch-qa-23-project-switch-qa-23-3\libs\apache-jmeter-5.6.2\bin
2023-12-29 20:31:13,728 INFO o.a.j.JMeter: PWD       =C:\SPRINTS\SPRINT-6\switch-qa-23-project-switch-qa-23-3\libs\apache-jmeter-5.6.2\bin
2023-12-29 20:31:13,732 INFO o.a.j.JMeter: IP: 192.168.1.80 Name: CamillaSouza FullName: host.docker.internal
2023-12-29 20:31:13,761 INFO o.a.j.JMeter: Loaded icon properties from org/apache/jmeter/images/icon.properties
2023-12-29 20:31:14,144 INFO o.a.j.JMeterGuiLauncher: Setting LAF to: com.github.weisj.darklaf.DarkLaf:com.github.weisj.darklaf.theme.DarculaTheme
2023-12-29 20:32:29,228 INFO o.a.j.s.FileServer: Default base='C:\SPRINTS\SPRINT-6\switch-qa-23-project-switch-qa-23-3\libs\apache-jmeter-5.6.2\bin'
2023-12-29 20:32:29,231 INFO o.a.j.g.a.Load: Loading file: C:\SPRINTS\SPRINT-6\GRUPO 4\switch-qa-23-project-switch-qa-23-4\docs\sprint6\jmeter\test-plan\Test-Plan-DDD-Forum-10users.jmx
2023-12-29 20:32:29,231 INFO o.a.j.s.FileServer: Set new base='C:\SPRINTS\SPRINT-6\GRUPO 4\switch-qa-23-project-switch-qa-23-4\docs\sprint6\jmeter\test-plan'
2023-12-29 20:32:29,440 INFO o.a.j.s.SaveService: Testplan (JMX) version: 2.2. Testlog (JTL) version: 2.2
2023-12-29 20:32:29,479 INFO o.a.j.s.SaveService: Using SaveService properties file encoding UTF-8
2023-12-29 20:32:29,480 INFO o.a.j.s.SaveService: Using SaveService properties version 5.0
2023-12-29 20:32:29,483 INFO o.a.j.s.SaveService: Loading file: C:\SPRINTS\SPRINT-6\GRUPO 4\switch-qa-23-project-switch-qa-23-4\docs\sprint6\jmeter\test-plan\Test-Plan-DDD-Forum-10users.jmx
2023-12-29 20:32:29,547 INFO o.a.j.p.h.s.HTTPSamplerBase: Parser for text/html is org.apache.jmeter.protocol.http.parser.LagartoBasedHtmlParser
2023-12-29 20:32:29,547 INFO o.a.j.p.h.s.HTTPSamplerBase: Parser for application/xhtml+xml is org.apache.jmeter.protocol.http.parser.LagartoBasedHtmlParser
2023-12-29 20:32:29,547 INFO o.a.j.p.h.s.HTTPSamplerBase: Parser for application/xml is org.apache.jmeter.protocol.http.parser.LagartoBasedHtmlParser
2023-12-29 20:32:29,547 INFO o.a.j.p.h.s.HTTPSamplerBase: Parser for text/xml is org.apache.jmeter.protocol.http.parser.LagartoBasedHtmlParser
2023-12-29 20:32:29,547 INFO o.a.j.p.h.s.HTTPSamplerBase: Parser for text/vnd.wap.wml is org.apache.jmeter.protocol.http.parser.RegexpHTMLParser
2023-12-29 20:32:29,547 INFO o.a.j.p.h.s.HTTPSamplerBase: Parser for text/css is org.apache.jmeter.protocol.http.parser.CssParser
2023-12-29 20:32:29,717 INFO o.a.j.s.SampleResult: Note: Sample TimeStamps are START times
2023-12-29 20:32:29,717 INFO o.a.j.s.SampleResult: sampleresult.default.encoding is set to UTF-8
2023-12-29 20:32:29,717 INFO o.a.j.s.SampleResult: sampleresult.useNanoTime=true
2023-12-29 20:32:29,717 INFO o.a.j.s.SampleResult: sampleresult.nanoThreadSleep=5000
2023-12-29 20:32:30,636 INFO o.a.j.s.FileServer: Set new base='C:\SPRINTS\SPRINT-6\GRUPO 4\switch-qa-23-project-switch-qa-23-4\docs\sprint6\jmeter\test-plan'
2023-12-29 20:33:15,425 INFO o.a.j.e.StandardJMeterEngine: Running the test!
2023-12-29 20:33:15,428 INFO o.a.j.s.SampleEvent: List of sample_variables: []
2023-12-29 20:33:15,428 INFO o.a.j.s.SampleEvent: List of sample_variables: []
2023-12-29 20:33:15,429 INFO o.a.j.e.u.CompoundVariable: Note: Function class names must contain the string: '.functions.'
2023-12-29 20:33:15,429 INFO o.a.j.e.u.CompoundVariable: Note: Function class names must not contain the string: '.gui.'
2023-12-29 20:33:15,810 INFO o.a.j.g.u.JMeterMenuBar: setRunning(true, *local*)
2023-12-29 20:33:16,026 INFO o.a.j.e.StandardJMeterEngine: Starting ThreadGroup: 1 : Thread Group - 10 users
2023-12-29 20:33:16,027 INFO o.a.j.e.StandardJMeterEngine: Starting 10 threads for group Thread Group - 10 users.
2023-12-29 20:33:16,027 INFO o.a.j.e.StandardJMeterEngine: Thread will continue on error
2023-12-29 20:33:16,027 INFO o.a.j.t.ThreadGroup: Starting thread group... number=1 threads=10 ramp-up=1 delayedStart=false
2023-12-29 20:33:16,044 INFO o.a.j.t.JMeterThread: Thread started: Thread Group - 10 users 1-1
2023-12-29 20:33:16,063 INFO o.a.j.t.ThreadGroup: Started thread group number 1
2023-12-29 20:33:16,063 INFO o.a.j.e.StandardJMeterEngine: All thread groups have been started
2023-12-29 20:33:16,079 INFO o.a.j.p.h.s.HTTPHCAbstractImpl: Local host = CamillaSouza
2023-12-29 20:33:16,095 INFO o.a.j.p.h.s.HTTPHC4Impl: HTTP request retry count = 0
2023-12-29 20:33:16,151 INFO o.a.j.t.JMeterThread: Thread started: Thread Group - 10 users 1-2
2023-12-29 20:33:16,237 INFO o.a.j.t.JMeterThread: Thread started: Thread Group - 10 users 1-3
2023-12-29 20:33:16,333 INFO o.a.j.t.JMeterThread: Thread started: Thread Group - 10 users 1-4
2023-12-29 20:33:16,446 INFO o.a.j.t.JMeterThread: Thread started: Thread Group - 10 users 1-5
2023-12-29 20:33:16,546 INFO o.a.j.t.JMeterThread: Thread started: Thread Group - 10 users 1-6
2023-12-29 20:33:16,640 INFO o.a.j.t.JMeterThread: Thread started: Thread Group - 10 users 1-7
2023-12-29 20:33:16,740 INFO o.a.j.t.JMeterThread: Thread started: Thread Group - 10 users 1-8
2023-12-29 20:33:16,838 INFO o.a.j.t.JMeterThread: Thread started: Thread Group - 10 users 1-9
2023-12-29 20:33:16,938 INFO o.a.j.t.JMeterThread: Thread started: Thread Group - 10 users 1-10
2023-12-29 20:33:17,295 INFO o.a.j.t.JMeterThread: Thread is done: Thread Group - 10 users 1-1
2023-12-29 20:33:17,295 INFO o.a.j.t.JMeterThread: Thread finished: Thread Group - 10 users 1-1
2023-12-29 20:33:17,295 WARN o.a.j.c.CriticalSectionController: Lock 'global_lock' not released in: Critical Section Controller, releasing in threadFinished
2023-12-29 20:33:17,495 INFO o.a.j.t.JMeterThread: Thread is done: Thread Group - 10 users 1-2
2023-12-29 20:33:17,495 INFO o.a.j.t.JMeterThread: Thread finished: Thread Group - 10 users 1-2
2023-12-29 20:33:17,495 WARN o.a.j.c.CriticalSectionController: Lock 'global_lock' not released in: Critical Section Controller, releasing in threadFinished
2023-12-29 20:33:17,755 INFO o.a.j.t.JMeterThread: Thread is done: Thread Group - 10 users 1-3
2023-12-29 20:33:17,755 INFO o.a.j.t.JMeterThread: Thread finished: Thread Group - 10 users 1-3
2023-12-29 20:33:17,755 WARN o.a.j.c.CriticalSectionController: Lock 'global_lock' not released in: Critical Section Controller, releasing in threadFinished
2023-12-29 20:33:17,933 INFO o.a.j.t.JMeterThread: Thread is done: Thread Group - 10 users 1-4
2023-12-29 20:33:17,933 INFO o.a.j.t.JMeterThread: Thread finished: Thread Group - 10 users 1-4
2023-12-29 20:33:17,933 WARN o.a.j.c.CriticalSectionController: Lock 'global_lock' not released in: Critical Section Controller, releasing in threadFinished
2023-12-29 20:33:18,239 INFO o.a.j.t.JMeterThread: Thread is done: Thread Group - 10 users 1-5
2023-12-29 20:33:18,240 INFO o.a.j.t.JMeterThread: Thread finished: Thread Group - 10 users 1-5
2023-12-29 20:33:18,240 WARN o.a.j.c.CriticalSectionController: Lock 'global_lock' not released in: Critical Section Controller, releasing in threadFinished
2023-12-29 20:33:18,409 INFO o.a.j.t.JMeterThread: Thread is done: Thread Group - 10 users 1-6
2023-12-29 20:33:18,409 INFO o.a.j.t.JMeterThread: Thread finished: Thread Group - 10 users 1-6
2023-12-29 20:33:18,409 WARN o.a.j.c.CriticalSectionController: Lock 'global_lock' not released in: Critical Section Controller, releasing in threadFinished
2023-12-29 20:33:18,769 INFO o.a.j.t.JMeterThread: Thread is done: Thread Group - 10 users 1-7
2023-12-29 20:33:18,770 INFO o.a.j.t.JMeterThread: Thread finished: Thread Group - 10 users 1-7
2023-12-29 20:33:18,770 WARN o.a.j.c.CriticalSectionController: Lock 'global_lock' not released in: Critical Section Controller, releasing in threadFinished
2023-12-29 20:33:18,937 INFO o.a.j.t.JMeterThread: Thread is done: Thread Group - 10 users 1-8
2023-12-29 20:33:18,937 INFO o.a.j.t.JMeterThread: Thread finished: Thread Group - 10 users 1-8
2023-12-29 20:33:18,937 WARN o.a.j.c.CriticalSectionController: Lock 'global_lock' not released in: Critical Section Controller, releasing in threadFinished
2023-12-29 20:33:19,081 INFO o.a.j.t.JMeterThread: Thread is done: Thread Group - 10 users 1-9
2023-12-29 20:33:19,081 INFO o.a.j.t.JMeterThread: Thread finished: Thread Group - 10 users 1-9
2023-12-29 20:33:19,081 WARN o.a.j.c.CriticalSectionController: Lock 'global_lock' not released in: Critical Section Controller, releasing in threadFinished
2023-12-29 20:33:19,432 INFO o.a.j.t.JMeterThread: Thread is done: Thread Group - 10 users 1-10
2023-12-29 20:33:19,432 INFO o.a.j.t.JMeterThread: Thread finished: Thread Group - 10 users 1-10
2023-12-29 20:33:19,432 WARN o.a.j.c.CriticalSectionController: Lock 'global_lock' not released in: Critical Section Controller, releasing in threadFinished
2023-12-29 20:33:19,433 INFO o.a.j.e.StandardJMeterEngine: Notifying test listeners of end of test
2023-12-29 20:33:19,437 INFO o.a.j.g.u.JMeterMenuBar: setRunning(false, *local*)
2023-12-29 20:35:16,401 INFO o.a.j.e.StandardJMeterEngine: Running the test!
2023-12-29 20:35:16,403 INFO o.a.j.s.SampleEvent: List of sample_variables: []
2023-12-29 20:35:16,405 INFO o.a.j.g.u.JMeterMenuBar: setRunning(true, *local*)
2023-12-29 20:35:16,579 INFO o.a.j.e.StandardJMeterEngine: Starting ThreadGroup: 1 : Thread Group - 10 users
2023-12-29 20:35:16,579 INFO o.a.j.e.StandardJMeterEngine: Starting 10 threads for group Thread Group - 10 users.
2023-12-29 20:35:16,579 INFO o.a.j.e.StandardJMeterEngine: Thread will continue on error
2023-12-29 20:35:16,579 INFO o.a.j.t.ThreadGroup: Starting thread group... number=1 threads=10 ramp-up=1 delayedStart=false
2023-12-29 20:35:16,581 INFO o.a.j.t.JMeterThread: Thread started: Thread Group - 10 users 1-1
2023-12-29 20:35:16,585 INFO o.a.j.t.ThreadGroup: Started thread group number 1
2023-12-29 20:35:16,586 INFO o.a.j.e.StandardJMeterEngine: All thread groups have been started
2023-12-29 20:35:16,685 INFO o.a.j.t.JMeterThread: Thread started: Thread Group - 10 users 1-2
2023-12-29 20:35:16,781 INFO o.a.j.t.JMeterThread: Thread started: Thread Group - 10 users 1-3
2023-12-29 20:35:16,837 INFO o.a.j.t.JMeterThread: Thread is done: Thread Group - 10 users 1-1
2023-12-29 20:35:16,838 INFO o.a.j.t.JMeterThread: Thread finished: Thread Group - 10 users 1-1
2023-12-29 20:35:16,838 WARN o.a.j.c.CriticalSectionController: Lock 'global_lock' not released in: Critical Section Controller, releasing in threadFinished
2023-12-29 20:35:16,886 INFO o.a.j.t.JMeterThread: Thread started: Thread Group - 10 users 1-4
2023-12-29 20:35:16,989 INFO o.a.j.t.JMeterThread: Thread started: Thread Group - 10 users 1-5
2023-12-29 20:35:17,025 INFO o.a.j.t.JMeterThread: Thread is done: Thread Group - 10 users 1-2
2023-12-29 20:35:17,025 INFO o.a.j.t.JMeterThread: Thread finished: Thread Group - 10 users 1-2
2023-12-29 20:35:17,025 WARN o.a.j.c.CriticalSectionController: Lock 'global_lock' not released in: Critical Section Controller, releasing in threadFinished
2023-12-29 20:35:17,087 INFO o.a.j.t.JMeterThread: Thread started: Thread Group - 10 users 1-6
2023-12-29 20:35:17,189 INFO o.a.j.t.JMeterThread: Thread started: Thread Group - 10 users 1-7
2023-12-29 20:35:17,289 INFO o.a.j.t.JMeterThread: Thread started: Thread Group - 10 users 1-8
2023-12-29 20:35:17,387 INFO o.a.j.t.JMeterThread: Thread started: Thread Group - 10 users 1-9
2023-12-29 20:35:17,391 INFO o.a.j.t.JMeterThread: Thread is done: Thread Group - 10 users 1-3
2023-12-29 20:35:17,391 INFO o.a.j.t.JMeterThread: Thread finished: Thread Group - 10 users 1-3
2023-12-29 20:35:17,391 WARN o.a.j.c.CriticalSectionController: Lock 'global_lock' not released in: Critical Section Controller, releasing in threadFinished
2023-12-29 20:35:17,488 INFO o.a.j.t.JMeterThread: Thread started: Thread Group - 10 users 1-10
2023-12-29 20:35:17,542 INFO o.a.j.t.JMeterThread: Thread is done: Thread Group - 10 users 1-4
2023-12-29 20:35:17,542 INFO o.a.j.t.JMeterThread: Thread finished: Thread Group - 10 users 1-4
2023-12-29 20:35:17,542 WARN o.a.j.c.CriticalSectionController: Lock 'global_lock' not released in: Critical Section Controller, releasing in threadFinished
2023-12-29 20:35:17,764 INFO o.a.j.t.JMeterThread: Thread is done: Thread Group - 10 users 1-5
2023-12-29 20:35:17,764 INFO o.a.j.t.JMeterThread: Thread finished: Thread Group - 10 users 1-5
2023-12-29 20:35:17,764 WARN o.a.j.c.CriticalSectionController: Lock 'global_lock' not released in: Critical Section Controller, releasing in threadFinished
2023-12-29 20:35:17,942 INFO o.a.j.t.JMeterThread: Thread is done: Thread Group - 10 users 1-6
2023-12-29 20:35:17,942 INFO o.a.j.t.JMeterThread: Thread finished: Thread Group - 10 users 1-6
2023-12-29 20:35:17,942 WARN o.a.j.c.CriticalSectionController: Lock 'global_lock' not released in: Critical Section Controller, releasing in threadFinished
2023-12-29 20:35:18,089 INFO o.a.j.t.JMeterThread: Thread is done: Thread Group - 10 users 1-7
2023-12-29 20:35:18,090 INFO o.a.j.t.JMeterThread: Thread finished: Thread Group - 10 users 1-7
2023-12-29 20:35:18,090 WARN o.a.j.c.CriticalSectionController: Lock 'global_lock' not released in: Critical Section Controller, releasing in threadFinished
2023-12-29 20:35:18,416 INFO o.a.j.t.JMeterThread: Thread is done: Thread Group - 10 users 1-8
2023-12-29 20:35:18,416 INFO o.a.j.t.JMeterThread: Thread finished: Thread Group - 10 users 1-8
2023-12-29 20:35:18,416 WARN o.a.j.c.CriticalSectionController: Lock 'global_lock' not released in: Critical Section Controller, releasing in threadFinished
2023-12-29 20:35:18,561 INFO o.a.j.t.JMeterThread: Thread is done: Thread Group - 10 users 1-9
2023-12-29 20:35:18,561 INFO o.a.j.t.JMeterThread: Thread finished: Thread Group - 10 users 1-9
2023-12-29 20:35:18,561 WARN o.a.j.c.CriticalSectionController: Lock 'global_lock' not released in: Critical Section Controller, releasing in threadFinished
2023-12-29 20:35:18,929 INFO o.a.j.t.JMeterThread: Thread is done: Thread Group - 10 users 1-10
2023-12-29 20:35:18,929 INFO o.a.j.t.JMeterThread: Thread finished: Thread Group - 10 users 1-10
2023-12-29 20:35:18,930 WARN o.a.j.c.CriticalSectionController: Lock 'global_lock' not released in: Critical Section Controller, releasing in threadFinished
2023-12-29 20:35:18,930 INFO o.a.j.e.StandardJMeterEngine: Notifying test listeners of end of test
2023-12-29 20:35:18,931 INFO o.a.j.g.u.JMeterMenuBar: setRunning(false, *local*)
2023-12-29 21:14:52,723 INFO o.a.j.e.StandardJMeterEngine: Running the test!
2023-12-29 21:14:52,724 INFO o.a.j.s.SampleEvent: List of sample_variables: []
2023-12-29 21:14:52,727 INFO o.a.j.g.u.JMeterMenuBar: setRunning(true, *local*)
2023-12-29 21:14:52,991 INFO o.a.j.e.StandardJMeterEngine: Starting ThreadGroup: 1 : Thread Group - 10 users
2023-12-29 21:14:52,991 INFO o.a.j.e.StandardJMeterEngine: Starting 10 threads for group Thread Group - 10 users.
2023-12-29 21:14:52,991 INFO o.a.j.e.StandardJMeterEngine: Thread will continue on error
2023-12-29 21:14:52,991 INFO o.a.j.t.ThreadGroup: Starting thread group... number=1 threads=10 ramp-up=1 delayedStart=false
2023-12-29 21:14:52,994 INFO o.a.j.t.JMeterThread: Thread started: Thread Group - 10 users 1-1
2023-12-29 21:14:52,997 INFO o.a.j.t.ThreadGroup: Started thread group number 1
2023-12-29 21:14:52,997 INFO o.a.j.e.StandardJMeterEngine: All thread groups have been started
2023-12-29 21:14:53,097 INFO o.a.j.t.JMeterThread: Thread started: Thread Group - 10 users 1-2
2023-12-29 21:14:53,193 INFO o.a.j.t.JMeterThread: Thread started: Thread Group - 10 users 1-3
2023-12-29 21:14:53,230 INFO o.a.j.t.JMeterThread: Thread is done: Thread Group - 10 users 1-1
2023-12-29 21:14:53,230 INFO o.a.j.t.JMeterThread: Thread finished: Thread Group - 10 users 1-1
2023-12-29 21:14:53,230 WARN o.a.j.c.CriticalSectionController: Lock 'global_lock' not released in: Critical Section Controller, releasing in threadFinished
2023-12-29 21:14:53,294 INFO o.a.j.t.JMeterThread: Thread started: Thread Group - 10 users 1-4
2023-12-29 21:14:53,398 INFO o.a.j.t.JMeterThread: Thread started: Thread Group - 10 users 1-5
2023-12-29 21:14:53,422 INFO o.a.j.t.JMeterThread: Thread is done: Thread Group - 10 users 1-2
2023-12-29 21:14:53,422 INFO o.a.j.t.JMeterThread: Thread finished: Thread Group - 10 users 1-2
2023-12-29 21:14:53,422 WARN o.a.j.c.CriticalSectionController: Lock 'global_lock' not released in: Critical Section Controller, releasing in threadFinished
2023-12-29 21:14:53,496 INFO o.a.j.t.JMeterThread: Thread started: Thread Group - 10 users 1-6
2023-12-29 21:14:53,592 INFO o.a.j.t.JMeterThread: Thread started: Thread Group - 10 users 1-7
2023-12-29 21:14:53,611 INFO o.a.j.t.JMeterThread: Thread is done: Thread Group - 10 users 1-3
2023-12-29 21:14:53,611 INFO o.a.j.t.JMeterThread: Thread finished: Thread Group - 10 users 1-3
2023-12-29 21:14:53,611 WARN o.a.j.c.CriticalSectionController: Lock 'global_lock' not released in: Critical Section Controller, releasing in threadFinished
2023-12-29 21:14:53,694 INFO o.a.j.t.JMeterThread: Thread started: Thread Group - 10 users 1-8
2023-12-29 21:14:53,760 INFO o.a.j.t.JMeterThread: Thread is done: Thread Group - 10 users 1-4
2023-12-29 21:14:53,760 INFO o.a.j.t.JMeterThread: Thread finished: Thread Group - 10 users 1-4
2023-12-29 21:14:53,760 WARN o.a.j.c.CriticalSectionController: Lock 'global_lock' not released in: Critical Section Controller, releasing in threadFinished
2023-12-29 21:14:53,796 INFO o.a.j.t.JMeterThread: Thread started: Thread Group - 10 users 1-9
2023-12-29 21:14:53,895 INFO o.a.j.t.JMeterThread: Thread started: Thread Group - 10 users 1-10
2023-12-29 21:14:53,915 INFO o.a.j.t.JMeterThread: Thread is done: Thread Group - 10 users 1-5
2023-12-29 21:14:53,915 INFO o.a.j.t.JMeterThread: Thread finished: Thread Group - 10 users 1-5
2023-12-29 21:14:53,915 WARN o.a.j.c.CriticalSectionController: Lock 'global_lock' not released in: Critical Section Controller, releasing in threadFinished
2023-12-29 21:14:54,174 INFO o.a.j.t.JMeterThread: Thread is done: Thread Group - 10 users 1-6
2023-12-29 21:14:54,174 INFO o.a.j.t.JMeterThread: Thread finished: Thread Group - 10 users 1-6
2023-12-29 21:14:54,174 WARN o.a.j.c.CriticalSectionController: Lock 'global_lock' not released in: Critical Section Controller, releasing in threadFinished
2023-12-29 21:14:54,333 INFO o.a.j.t.JMeterThread: Thread is done: Thread Group - 10 users 1-7
2023-12-29 21:14:54,333 INFO o.a.j.t.JMeterThread: Thread finished: Thread Group - 10 users 1-7
2023-12-29 21:14:54,333 WARN o.a.j.c.CriticalSectionController: Lock 'global_lock' not released in: Critical Section Controller, releasing in threadFinished
2023-12-29 21:14:54,496 INFO o.a.j.t.JMeterThread: Thread is done: Thread Group - 10 users 1-8
2023-12-29 21:14:54,496 INFO o.a.j.t.JMeterThread: Thread finished: Thread Group - 10 users 1-8
2023-12-29 21:14:54,496 WARN o.a.j.c.CriticalSectionController: Lock 'global_lock' not released in: Critical Section Controller, releasing in threadFinished
2023-12-29 21:14:54,801 INFO o.a.j.t.JMeterThread: Thread is done: Thread Group - 10 users 1-9
2023-12-29 21:14:54,803 INFO o.a.j.t.JMeterThread: Thread finished: Thread Group - 10 users 1-9
2023-12-29 21:14:54,803 WARN o.a.j.c.CriticalSectionController: Lock 'global_lock' not released in: Critical Section Controller, releasing in threadFinished
2023-12-29 21:14:54,949 INFO o.a.j.t.JMeterThread: Thread is done: Thread Group - 10 users 1-10
2023-12-29 21:14:54,949 INFO o.a.j.t.JMeterThread: Thread finished: Thread Group - 10 users 1-10
2023-12-29 21:14:54,949 WARN o.a.j.c.CriticalSectionController: Lock 'global_lock' not released in: Critical Section Controller, releasing in threadFinished
2023-12-29 21:14:54,949 INFO o.a.j.e.StandardJMeterEngine: Notifying test listeners of end of test
2023-12-29 21:14:54,950 INFO o.a.j.g.u.JMeterMenuBar: setRunning(false, *local*)
