2024-01-13 19:33:29,752 INFO o.a.j.u.JMeterUtils: Setting Locale to en_EN
2024-01-13 19:33:29,770 INFO o.a.j.JMeter: Loading user properties from: user.properties
2024-01-13 19:33:29,770 INFO o.a.j.JMeter: Loading system properties from: system.properties
2024-01-13 19:33:29,782 INFO o.a.j.JMeter: Copyright (c) 1998-2023 The Apache Software Foundation
2024-01-13 19:33:29,782 INFO o.a.j.JMeter: Version 5.6.2
2024-01-13 19:33:29,782 INFO o.a.j.JMeter: java.version=1.8.0_202
2024-01-13 19:33:29,782 INFO o.a.j.JMeter: java.vm.name=Java HotSpot(TM) 64-Bit Server VM
2024-01-13 19:33:29,782 INFO o.a.j.JMeter: os.name=Windows 10
2024-01-13 19:33:29,782 INFO o.a.j.JMeter: os.arch=amd64
2024-01-13 19:33:29,782 INFO o.a.j.JMeter: os.version=10.0
2024-01-13 19:33:29,782 INFO o.a.j.JMeter: file.encoding=Cp1252
2024-01-13 19:33:29,782 INFO o.a.j.JMeter: java.awt.headless=null
2024-01-13 19:33:29,782 INFO o.a.j.JMeter: Max memory     =1073741824
2024-01-13 19:33:29,782 INFO o.a.j.JMeter: Available Processors =8
2024-01-13 19:33:29,789 INFO o.a.j.JMeter: Default Locale=English (EN)
2024-01-13 19:33:29,789 INFO o.a.j.JMeter: JMeter  Locale=English (EN)
2024-01-13 19:33:29,789 INFO o.a.j.JMeter: JMeterHome=C:\SPRINTS\SPRINT-6\switch-qa-23-project-switch-qa-23-3\libs\apache-jmeter-5.6.2
2024-01-13 19:33:29,789 INFO o.a.j.JMeter: user.dir  =C:\SPRINTS\SPRINT-6\switch-qa-23-project-switch-qa-23-3\libs\apache-jmeter-5.6.2\bin
2024-01-13 19:33:29,790 INFO o.a.j.JMeter: PWD       =C:\SPRINTS\SPRINT-6\switch-qa-23-project-switch-qa-23-3\libs\apache-jmeter-5.6.2\bin
2024-01-13 19:33:29,793 INFO o.a.j.JMeter: IP: 192.168.1.80 Name: CamillaSouza FullName: host.docker.internal
2024-01-13 19:33:29,816 INFO o.a.j.JMeter: Loaded icon properties from org/apache/jmeter/images/icon.properties
2024-01-13 19:33:30,051 INFO o.a.j.JMeterGuiLauncher: Setting LAF to: com.github.weisj.darklaf.DarkLaf:com.github.weisj.darklaf.theme.DarculaTheme
2024-01-13 19:34:55,745 ERROR o.a.j.g.t.JMeterTreeTransferHandler: Drop file failed
java.io.IOException: no native data was transfered
	at sun.awt.dnd.SunDropTargetContextPeer.getTransferData(Unknown Source) ~[?:1.8.0_202]
	at sun.awt.datatransfer.TransferableProxy.getTransferData(Unknown Source) ~[?:1.8.0_202]
	at java.awt.dnd.DropTargetContext$TransferableProxy.getTransferData(Unknown Source) ~[?:1.8.0_202]
	at org.apache.jmeter.gui.MainFrame.openJmxFilesFromDragAndDrop(MainFrame.java:846) ~[ApacheJMeter_core.jar:5.6.2]
	at org.apache.jmeter.gui.tree.JMeterTreeTransferHandler.importData(JMeterTreeTransferHandler.java:207) [ApacheJMeter_core.jar:5.6.2]
	at javax.swing.TransferHandler$DropHandler.drop(Unknown Source) [?:1.8.0_202]
	at java.awt.dnd.DropTarget.drop(Unknown Source) [?:1.8.0_202]
	at javax.swing.TransferHandler$SwingDropTarget.drop(Unknown Source) [?:1.8.0_202]
	at sun.awt.dnd.SunDropTargetContextPeer.processDropMessage(Unknown Source) [?:1.8.0_202]
	at sun.awt.dnd.SunDropTargetContextPeer$EventDispatcher.dispatchDropEvent(Unknown Source) [?:1.8.0_202]
	at sun.awt.dnd.SunDropTargetContextPeer$EventDispatcher.dispatchEvent(Unknown Source) [?:1.8.0_202]
	at sun.awt.dnd.SunDropTargetEvent.dispatch(Unknown Source) [?:1.8.0_202]
	at java.awt.Component.dispatchEventImpl(Unknown Source) [?:1.8.0_202]
	at java.awt.Container.dispatchEventImpl(Unknown Source) [?:1.8.0_202]
	at java.awt.Component.dispatchEvent(Unknown Source) [?:1.8.0_202]
	at java.awt.LightweightDispatcher.retargetMouseEvent(Unknown Source) [?:1.8.0_202]
	at java.awt.LightweightDispatcher.processDropTargetEvent(Unknown Source) [?:1.8.0_202]
	at java.awt.LightweightDispatcher.dispatchEvent(Unknown Source) [?:1.8.0_202]
	at java.awt.Container.dispatchEventImpl(Unknown Source) [?:1.8.0_202]
	at java.awt.Window.dispatchEventImpl(Unknown Source) [?:1.8.0_202]
	at java.awt.Component.dispatchEvent(Unknown Source) [?:1.8.0_202]
	at java.awt.EventQueue.dispatchEventImpl(Unknown Source) [?:1.8.0_202]
	at java.awt.EventQueue.access$500(Unknown Source) [?:1.8.0_202]
	at java.awt.EventQueue$3.run(Unknown Source) [?:1.8.0_202]
	at java.awt.EventQueue$3.run(Unknown Source) [?:1.8.0_202]
	at java.security.AccessController.doPrivileged(Native Method) ~[?:1.8.0_202]
	at java.security.ProtectionDomain$JavaSecurityAccessImpl.doIntersectionPrivilege(Unknown Source) [?:1.8.0_202]
	at java.security.ProtectionDomain$JavaSecurityAccessImpl.doIntersectionPrivilege(Unknown Source) [?:1.8.0_202]
	at java.awt.EventQueue$4.run(Unknown Source) [?:1.8.0_202]
	at java.awt.EventQueue$4.run(Unknown Source) [?:1.8.0_202]
	at java.security.AccessController.doPrivileged(Native Method) ~[?:1.8.0_202]
	at java.security.ProtectionDomain$JavaSecurityAccessImpl.doIntersectionPrivilege(Unknown Source) [?:1.8.0_202]
	at java.awt.EventQueue.dispatchEvent(Unknown Source) [?:1.8.0_202]
	at java.awt.EventDispatchThread.pumpOneEventForFilters(Unknown Source) [?:1.8.0_202]
	at java.awt.EventDispatchThread.pumpEventsForFilter(Unknown Source) [?:1.8.0_202]
	at java.awt.EventDispatchThread.pumpEventsForHierarchy(Unknown Source) [?:1.8.0_202]
	at java.awt.EventDispatchThread.pumpEvents(Unknown Source) [?:1.8.0_202]
	at java.awt.EventDispatchThread.pumpEvents(Unknown Source) [?:1.8.0_202]
	at java.awt.EventDispatchThread.run(Unknown Source) [?:1.8.0_202]
2024-01-13 19:35:03,578 ERROR o.a.j.g.t.JMeterTreeTransferHandler: Drop file failed
java.io.IOException: no native data was transfered
	at sun.awt.dnd.SunDropTargetContextPeer.getTransferData(Unknown Source) ~[?:1.8.0_202]
	at sun.awt.datatransfer.TransferableProxy.getTransferData(Unknown Source) ~[?:1.8.0_202]
	at java.awt.dnd.DropTargetContext$TransferableProxy.getTransferData(Unknown Source) ~[?:1.8.0_202]
	at org.apache.jmeter.gui.MainFrame.openJmxFilesFromDragAndDrop(MainFrame.java:846) ~[ApacheJMeter_core.jar:5.6.2]
	at org.apache.jmeter.gui.tree.JMeterTreeTransferHandler.importData(JMeterTreeTransferHandler.java:207) [ApacheJMeter_core.jar:5.6.2]
	at javax.swing.TransferHandler$DropHandler.drop(Unknown Source) [?:1.8.0_202]
	at java.awt.dnd.DropTarget.drop(Unknown Source) [?:1.8.0_202]
	at javax.swing.TransferHandler$SwingDropTarget.drop(Unknown Source) [?:1.8.0_202]
	at sun.awt.dnd.SunDropTargetContextPeer.processDropMessage(Unknown Source) [?:1.8.0_202]
	at sun.awt.dnd.SunDropTargetContextPeer$EventDispatcher.dispatchDropEvent(Unknown Source) [?:1.8.0_202]
	at sun.awt.dnd.SunDropTargetContextPeer$EventDispatcher.dispatchEvent(Unknown Source) [?:1.8.0_202]
	at sun.awt.dnd.SunDropTargetEvent.dispatch(Unknown Source) [?:1.8.0_202]
	at java.awt.Component.dispatchEventImpl(Unknown Source) [?:1.8.0_202]
	at java.awt.Container.dispatchEventImpl(Unknown Source) [?:1.8.0_202]
	at java.awt.Component.dispatchEvent(Unknown Source) [?:1.8.0_202]
	at java.awt.LightweightDispatcher.retargetMouseEvent(Unknown Source) [?:1.8.0_202]
	at java.awt.LightweightDispatcher.processDropTargetEvent(Unknown Source) [?:1.8.0_202]
	at java.awt.LightweightDispatcher.dispatchEvent(Unknown Source) [?:1.8.0_202]
	at java.awt.Container.dispatchEventImpl(Unknown Source) [?:1.8.0_202]
	at java.awt.Window.dispatchEventImpl(Unknown Source) [?:1.8.0_202]
	at java.awt.Component.dispatchEvent(Unknown Source) [?:1.8.0_202]
	at java.awt.EventQueue.dispatchEventImpl(Unknown Source) [?:1.8.0_202]
	at java.awt.EventQueue.access$500(Unknown Source) [?:1.8.0_202]
	at java.awt.EventQueue$3.run(Unknown Source) [?:1.8.0_202]
	at java.awt.EventQueue$3.run(Unknown Source) [?:1.8.0_202]
	at java.security.AccessController.doPrivileged(Native Method) ~[?:1.8.0_202]
	at java.security.ProtectionDomain$JavaSecurityAccessImpl.doIntersectionPrivilege(Unknown Source) [?:1.8.0_202]
	at java.security.ProtectionDomain$JavaSecurityAccessImpl.doIntersectionPrivilege(Unknown Source) [?:1.8.0_202]
	at java.awt.EventQueue$4.run(Unknown Source) [?:1.8.0_202]
	at java.awt.EventQueue$4.run(Unknown Source) [?:1.8.0_202]
	at java.security.AccessController.doPrivileged(Native Method) ~[?:1.8.0_202]
	at java.security.ProtectionDomain$JavaSecurityAccessImpl.doIntersectionPrivilege(Unknown Source) [?:1.8.0_202]
	at java.awt.EventQueue.dispatchEvent(Unknown Source) [?:1.8.0_202]
	at java.awt.EventDispatchThread.pumpOneEventForFilters(Unknown Source) [?:1.8.0_202]
	at java.awt.EventDispatchThread.pumpEventsForFilter(Unknown Source) [?:1.8.0_202]
	at java.awt.EventDispatchThread.pumpEventsForHierarchy(Unknown Source) [?:1.8.0_202]
	at java.awt.EventDispatchThread.pumpEvents(Unknown Source) [?:1.8.0_202]
	at java.awt.EventDispatchThread.pumpEvents(Unknown Source) [?:1.8.0_202]
	at java.awt.EventDispatchThread.run(Unknown Source) [?:1.8.0_202]
2024-01-13 19:35:52,716 INFO o.a.j.s.FileServer: Default base='C:\SPRINTS\SPRINT-6\switch-qa-23-project-switch-qa-23-3\libs\apache-jmeter-5.6.2\bin'
2024-01-13 19:35:52,719 INFO o.a.j.g.a.Load: Loading file: C:\SPRINTS\SPRINT-6\switch-qa-23-project-switch-qa-23-3\src\non_fun_test\Test-Plan-DDD-Forum-Group-3.jmx
2024-01-13 19:35:52,719 INFO o.a.j.s.FileServer: Set new base='C:\SPRINTS\SPRINT-6\switch-qa-23-project-switch-qa-23-3\src\non_fun_test'
2024-01-13 19:35:52,884 INFO o.a.j.s.SaveService: Testplan (JMX) version: 2.2. Testlog (JTL) version: 2.2
2024-01-13 19:35:52,913 INFO o.a.j.s.SaveService: Using SaveService properties file encoding UTF-8
2024-01-13 19:35:52,914 INFO o.a.j.s.SaveService: Using SaveService properties version 5.0
2024-01-13 19:35:52,917 INFO o.a.j.s.SaveService: Loading file: C:\SPRINTS\SPRINT-6\switch-qa-23-project-switch-qa-23-3\src\non_fun_test\Test-Plan-DDD-Forum-Group-3.jmx
2024-01-13 19:35:52,950 INFO o.a.j.p.h.s.HTTPSamplerBase: Parser for text/html is org.apache.jmeter.protocol.http.parser.LagartoBasedHtmlParser
2024-01-13 19:35:52,950 INFO o.a.j.p.h.s.HTTPSamplerBase: Parser for application/xhtml+xml is org.apache.jmeter.protocol.http.parser.LagartoBasedHtmlParser
2024-01-13 19:35:52,950 INFO o.a.j.p.h.s.HTTPSamplerBase: Parser for application/xml is org.apache.jmeter.protocol.http.parser.LagartoBasedHtmlParser
2024-01-13 19:35:52,950 INFO o.a.j.p.h.s.HTTPSamplerBase: Parser for text/xml is org.apache.jmeter.protocol.http.parser.LagartoBasedHtmlParser
2024-01-13 19:35:52,950 INFO o.a.j.p.h.s.HTTPSamplerBase: Parser for text/vnd.wap.wml is org.apache.jmeter.protocol.http.parser.RegexpHTMLParser
2024-01-13 19:35:52,950 INFO o.a.j.p.h.s.HTTPSamplerBase: Parser for text/css is org.apache.jmeter.protocol.http.parser.CssParser
2024-01-13 19:35:53,260 INFO o.a.j.s.SampleResult: Note: Sample TimeStamps are START times
2024-01-13 19:35:53,260 INFO o.a.j.s.SampleResult: sampleresult.default.encoding is set to UTF-8
2024-01-13 19:35:53,261 INFO o.a.j.s.SampleResult: sampleresult.useNanoTime=true
2024-01-13 19:35:53,262 INFO o.a.j.s.SampleResult: sampleresult.nanoThreadSleep=5000
2024-01-13 19:35:53,897 INFO o.a.j.s.FileServer: Set new base='C:\SPRINTS\SPRINT-6\switch-qa-23-project-switch-qa-23-3\src\non_fun_test'
2024-01-13 19:36:46,230 INFO o.a.j.e.StandardJMeterEngine: Running the test!
2024-01-13 19:36:46,232 INFO o.a.j.s.SampleEvent: List of sample_variables: []
2024-01-13 19:36:46,232 INFO o.a.j.s.SampleEvent: List of sample_variables: []
2024-01-13 19:36:46,235 INFO o.a.j.e.u.CompoundVariable: Note: Function class names must contain the string: '.functions.'
2024-01-13 19:36:46,236 INFO o.a.j.e.u.CompoundVariable: Note: Function class names must not contain the string: '.gui.'
2024-01-13 19:36:46,703 INFO o.a.j.g.u.JMeterMenuBar: setRunning(true, *local*)
2024-01-13 19:36:46,919 INFO o.a.j.e.StandardJMeterEngine: Starting ThreadGroup: 1 : Thread Group - Account Registration
2024-01-13 19:36:46,920 INFO o.a.j.e.StandardJMeterEngine: Starting 1 threads for group Thread Group - Account Registration.
2024-01-13 19:36:46,920 INFO o.a.j.e.StandardJMeterEngine: Thread will continue on error
2024-01-13 19:36:46,920 INFO o.a.j.t.ThreadGroup: Starting thread group... number=1 threads=1 ramp-up=1 delayedStart=false
2024-01-13 19:36:46,929 INFO o.a.j.t.ThreadGroup: Started thread group number 1
2024-01-13 19:36:46,930 INFO o.a.j.e.StandardJMeterEngine: Waiting for thread group: Thread Group - Account Registration to finish before starting next group
2024-01-13 19:36:46,962 INFO o.a.j.t.JMeterThread: Thread started: Thread Group - Account Registration 1-1
2024-01-13 19:36:46,983 INFO o.a.j.p.h.s.HTTPHCAbstractImpl: Local host = CamillaSouza
2024-01-13 19:36:46,992 INFO o.a.j.p.h.s.HTTPHC4Impl: HTTP request retry count = 0
2024-01-13 19:36:47,720 INFO o.a.j.t.JMeterThread: Thread is done: Thread Group - Account Registration 1-1
2024-01-13 19:36:47,721 INFO o.a.j.t.JMeterThread: Thread finished: Thread Group - Account Registration 1-1
2024-01-13 19:36:47,725 INFO o.a.j.e.StandardJMeterEngine: Starting ThreadGroup: 2 : Thread Group - Test Scenario
2024-01-13 19:36:47,725 INFO o.a.j.e.StandardJMeterEngine: Starting 1 threads for group Thread Group - Test Scenario.
2024-01-13 19:36:47,725 INFO o.a.j.e.StandardJMeterEngine: Thread will continue on error
2024-01-13 19:36:47,725 INFO o.a.j.t.ThreadGroup: Starting thread group... number=2 threads=1 ramp-up=5 delayedStart=false
2024-01-13 19:36:47,728 INFO o.a.j.t.ThreadGroup: Started thread group number 2
2024-01-13 19:36:47,728 INFO o.a.j.e.StandardJMeterEngine: All thread groups have been started
2024-01-13 19:36:47,731 INFO o.a.j.t.JMeterThread: Thread started: Thread Group - Test Scenario 2-1
2024-01-13 19:36:49,020 INFO o.a.j.t.JMeterThread: Thread is done: Thread Group - Test Scenario 2-1
2024-01-13 19:36:49,021 INFO o.a.j.t.JMeterThread: Thread finished: Thread Group - Test Scenario 2-1
2024-01-13 19:36:49,021 INFO o.a.j.e.StandardJMeterEngine: Notifying test listeners of end of test
2024-01-13 19:36:49,021 INFO o.a.j.g.u.JMeterMenuBar: setRunning(false, *local*)
2024-01-13 19:51:44,607 INFO o.a.j.e.KeyToolUtils: Exception checking for keytool existence, will return false, try another way.
2024-01-13 19:51:45,114 INFO o.a.j.e.KeyToolUtils: keytool found at 'C:\Program Files\Java\jre1.8.0_202\bin\keytool'
2024-01-13 19:51:45,114 INFO o.a.j.p.h.p.ProxyControl: HTTP(S) Test Script Recorder SSL Proxy will use keys that support embedded 3rd party resources in file C:\SPRINTS\SPRINT-6\switch-qa-23-project-switch-qa-23-3\libs\apache-jmeter-5.6.2\bin\proxyserver.jks
2024-01-13 19:56:39,489 INFO o.a.j.e.StandardJMeterEngine: Running the test!
2024-01-13 19:56:39,490 INFO o.a.j.s.SampleEvent: List of sample_variables: []
2024-01-13 19:56:39,495 INFO o.a.j.g.u.JMeterMenuBar: setRunning(true, *local*)
2024-01-13 19:56:39,746 INFO o.a.j.e.StandardJMeterEngine: Starting ThreadGroup: 1 : Thread Group - Account Registration
2024-01-13 19:56:39,746 INFO o.a.j.e.StandardJMeterEngine: Starting 50 threads for group Thread Group - Account Registration.
2024-01-13 19:56:39,746 INFO o.a.j.e.StandardJMeterEngine: Thread will continue on error
2024-01-13 19:56:39,748 INFO o.a.j.t.ThreadGroup: Starting thread group... number=1 threads=50 ramp-up=1 delayedStart=false
2024-01-13 19:56:39,756 INFO o.a.j.t.JMeterThread: Thread started: Thread Group - Account Registration 1-1
2024-01-13 19:56:39,786 INFO o.a.j.t.ThreadGroup: Started thread group number 1
2024-01-13 19:56:39,786 INFO o.a.j.e.StandardJMeterEngine: Waiting for thread group: Thread Group - Account Registration to finish before starting next group
2024-01-13 19:56:39,815 INFO o.a.j.t.JMeterThread: Thread started: Thread Group - Account Registration 1-2
2024-01-13 19:56:39,822 INFO o.a.j.t.JMeterThread: Thread started: Thread Group - Account Registration 1-3
2024-01-13 19:56:39,860 INFO o.a.j.t.JMeterThread: Thread started: Thread Group - Account Registration 1-4
2024-01-13 19:56:39,870 INFO o.a.j.t.JMeterThread: Thread started: Thread Group - Account Registration 1-5
2024-01-13 19:56:39,879 INFO o.a.j.t.JMeterThread: Thread is done: Thread Group - Account Registration 1-1
2024-01-13 19:56:39,879 INFO o.a.j.t.JMeterThread: Thread finished: Thread Group - Account Registration 1-1
2024-01-13 19:56:39,889 INFO o.a.j.t.JMeterThread: Thread started: Thread Group - Account Registration 1-6
2024-01-13 19:56:39,917 INFO o.a.j.t.JMeterThread: Thread is done: Thread Group - Account Registration 1-2
2024-01-13 19:56:39,917 INFO o.a.j.t.JMeterThread: Thread finished: Thread Group - Account Registration 1-2
2024-01-13 19:56:39,918 INFO o.a.j.t.JMeterThread: Thread started: Thread Group - Account Registration 1-7
2024-01-13 19:56:39,948 INFO o.a.j.t.JMeterThread: Thread started: Thread Group - Account Registration 1-8
2024-01-13 19:56:39,958 INFO o.a.j.t.JMeterThread: Thread is done: Thread Group - Account Registration 1-3
2024-01-13 19:56:39,958 INFO o.a.j.t.JMeterThread: Thread finished: Thread Group - Account Registration 1-3
2024-01-13 19:56:39,978 INFO o.a.j.t.JMeterThread: Thread started: Thread Group - Account Registration 1-9
2024-01-13 19:56:39,995 INFO o.a.j.t.JMeterThread: Thread is done: Thread Group - Account Registration 1-4
2024-01-13 19:56:39,996 INFO o.a.j.t.JMeterThread: Thread finished: Thread Group - Account Registration 1-4
2024-01-13 19:56:39,998 INFO o.a.j.t.JMeterThread: Thread started: Thread Group - Account Registration 1-10
2024-01-13 19:56:40,005 INFO o.a.j.t.JMeterThread: Thread started: Thread Group - Account Registration 1-11
2024-01-13 19:56:40,026 INFO o.a.j.t.JMeterThread: Thread started: Thread Group - Account Registration 1-12
2024-01-13 19:56:40,042 INFO o.a.j.t.JMeterThread: Thread is done: Thread Group - Account Registration 1-5
2024-01-13 19:56:40,042 INFO o.a.j.t.JMeterThread: Thread finished: Thread Group - Account Registration 1-5
2024-01-13 19:56:40,054 INFO o.a.j.t.JMeterThread: Thread started: Thread Group - Account Registration 1-13
2024-01-13 19:56:40,075 INFO o.a.j.t.JMeterThread: Thread started: Thread Group - Account Registration 1-14
2024-01-13 19:56:40,093 INFO o.a.j.t.JMeterThread: Thread started: Thread Group - Account Registration 1-15
2024-01-13 19:56:40,095 INFO o.a.j.t.JMeterThread: Thread is done: Thread Group - Account Registration 1-6
2024-01-13 19:56:40,095 INFO o.a.j.t.JMeterThread: Thread finished: Thread Group - Account Registration 1-6
2024-01-13 19:56:40,113 INFO o.a.j.t.JMeterThread: Thread started: Thread Group - Account Registration 1-16
2024-01-13 19:56:40,127 INFO o.a.j.t.JMeterThread: Thread is done: Thread Group - Account Registration 1-7
2024-01-13 19:56:40,128 INFO o.a.j.t.JMeterThread: Thread finished: Thread Group - Account Registration 1-7
2024-01-13 19:56:40,132 INFO o.a.j.t.JMeterThread: Thread started: Thread Group - Account Registration 1-17
2024-01-13 19:56:40,154 INFO o.a.j.t.JMeterThread: Thread started: Thread Group - Account Registration 1-18
2024-01-13 19:56:40,171 INFO o.a.j.t.JMeterThread: Thread is done: Thread Group - Account Registration 1-8
2024-01-13 19:56:40,171 INFO o.a.j.t.JMeterThread: Thread finished: Thread Group - Account Registration 1-8
2024-01-13 19:56:40,179 INFO o.a.j.t.JMeterThread: Thread started: Thread Group - Account Registration 1-19
2024-01-13 19:56:40,193 INFO o.a.j.t.JMeterThread: Thread started: Thread Group - Account Registration 1-20
2024-01-13 19:56:40,214 INFO o.a.j.t.JMeterThread: Thread started: Thread Group - Account Registration 1-21
2024-01-13 19:56:40,233 INFO o.a.j.t.JMeterThread: Thread started: Thread Group - Account Registration 1-22
2024-01-13 19:56:40,251 INFO o.a.j.t.JMeterThread: Thread is done: Thread Group - Account Registration 1-9
2024-01-13 19:56:40,251 INFO o.a.j.t.JMeterThread: Thread finished: Thread Group - Account Registration 1-9
2024-01-13 19:56:40,253 INFO o.a.j.t.JMeterThread: Thread started: Thread Group - Account Registration 1-23
2024-01-13 19:56:40,275 INFO o.a.j.t.JMeterThread: Thread started: Thread Group - Account Registration 1-24
2024-01-13 19:56:40,292 INFO o.a.j.t.JMeterThread: Thread started: Thread Group - Account Registration 1-25
2024-01-13 19:56:40,312 INFO o.a.j.t.JMeterThread: Thread started: Thread Group - Account Registration 1-26
2024-01-13 19:56:40,329 INFO o.a.j.t.JMeterThread: Thread is done: Thread Group - Account Registration 1-10
2024-01-13 19:56:40,329 INFO o.a.j.t.JMeterThread: Thread finished: Thread Group - Account Registration 1-10
2024-01-13 19:56:40,338 INFO o.a.j.t.JMeterThread: Thread started: Thread Group - Account Registration 1-27
2024-01-13 19:56:40,363 INFO o.a.j.t.JMeterThread: Thread started: Thread Group - Account Registration 1-28
2024-01-13 19:56:40,369 INFO o.a.j.t.JMeterThread: Thread started: Thread Group - Account Registration 1-29
2024-01-13 19:56:40,384 INFO o.a.j.t.JMeterThread: Thread is done: Thread Group - Account Registration 1-11
2024-01-13 19:56:40,384 INFO o.a.j.t.JMeterThread: Thread finished: Thread Group - Account Registration 1-11
2024-01-13 19:56:40,389 INFO o.a.j.t.JMeterThread: Thread started: Thread Group - Account Registration 1-30
2024-01-13 19:56:40,420 INFO o.a.j.t.JMeterThread: Thread started: Thread Group - Account Registration 1-31
2024-01-13 19:56:40,439 INFO o.a.j.t.JMeterThread: Thread started: Thread Group - Account Registration 1-32
2024-01-13 19:56:40,447 INFO o.a.j.t.JMeterThread: Thread started: Thread Group - Account Registration 1-33
2024-01-13 19:56:40,455 INFO o.a.j.t.JMeterThread: Thread is done: Thread Group - Account Registration 1-12
2024-01-13 19:56:40,455 INFO o.a.j.t.JMeterThread: Thread finished: Thread Group - Account Registration 1-12
2024-01-13 19:56:40,470 INFO o.a.j.t.JMeterThread: Thread started: Thread Group - Account Registration 1-34
2024-01-13 19:56:40,498 INFO o.a.j.t.JMeterThread: Thread is done: Thread Group - Account Registration 1-13
2024-01-13 19:56:40,498 INFO o.a.j.t.JMeterThread: Thread finished: Thread Group - Account Registration 1-13
2024-01-13 19:56:40,499 INFO o.a.j.t.JMeterThread: Thread started: Thread Group - Account Registration 1-35
2024-01-13 19:56:40,518 INFO o.a.j.t.JMeterThread: Thread started: Thread Group - Account Registration 1-36
2024-01-13 19:56:40,529 INFO o.a.j.t.JMeterThread: Thread started: Thread Group - Account Registration 1-37
2024-01-13 19:56:40,532 INFO o.a.j.t.JMeterThread: Thread is done: Thread Group - Account Registration 1-14
2024-01-13 19:56:40,533 INFO o.a.j.t.JMeterThread: Thread finished: Thread Group - Account Registration 1-14
2024-01-13 19:56:40,549 INFO o.a.j.t.JMeterThread: Thread started: Thread Group - Account Registration 1-38
2024-01-13 19:56:40,578 INFO o.a.j.t.JMeterThread: Thread started: Thread Group - Account Registration 1-39
2024-01-13 19:56:40,584 INFO o.a.j.t.JMeterThread: Thread is done: Thread Group - Account Registration 1-15
2024-01-13 19:56:40,584 INFO o.a.j.t.JMeterThread: Thread finished: Thread Group - Account Registration 1-15
2024-01-13 19:56:40,598 INFO o.a.j.t.JMeterThread: Thread started: Thread Group - Account Registration 1-40
2024-01-13 19:56:40,620 INFO o.a.j.t.JMeterThread: Thread started: Thread Group - Account Registration 1-41
2024-01-13 19:56:40,622 INFO o.a.j.t.JMeterThread: Thread is done: Thread Group - Account Registration 1-16
2024-01-13 19:56:40,623 INFO o.a.j.t.JMeterThread: Thread finished: Thread Group - Account Registration 1-16
2024-01-13 19:56:40,638 INFO o.a.j.t.JMeterThread: Thread started: Thread Group - Account Registration 1-42
2024-01-13 19:56:40,659 INFO o.a.j.t.JMeterThread: Thread started: Thread Group - Account Registration 1-43
2024-01-13 19:56:40,663 INFO o.a.j.t.JMeterThread: Thread is done: Thread Group - Account Registration 1-17
2024-01-13 19:56:40,664 INFO o.a.j.t.JMeterThread: Thread finished: Thread Group - Account Registration 1-17
2024-01-13 19:56:40,679 INFO o.a.j.t.JMeterThread: Thread started: Thread Group - Account Registration 1-44
2024-01-13 19:56:40,698 INFO o.a.j.t.JMeterThread: Thread started: Thread Group - Account Registration 1-45
2024-01-13 19:56:40,718 INFO o.a.j.t.JMeterThread: Thread started: Thread Group - Account Registration 1-46
2024-01-13 19:56:40,730 INFO o.a.j.t.JMeterThread: Thread is done: Thread Group - Account Registration 1-18
2024-01-13 19:56:40,730 INFO o.a.j.t.JMeterThread: Thread finished: Thread Group - Account Registration 1-18
2024-01-13 19:56:40,738 INFO o.a.j.t.JMeterThread: Thread started: Thread Group - Account Registration 1-47
2024-01-13 19:56:40,757 INFO o.a.j.t.JMeterThread: Thread started: Thread Group - Account Registration 1-48
2024-01-13 19:56:40,763 INFO o.a.j.t.JMeterThread: Thread is done: Thread Group - Account Registration 1-19
2024-01-13 19:56:40,763 INFO o.a.j.t.JMeterThread: Thread finished: Thread Group - Account Registration 1-19
2024-01-13 19:56:40,777 INFO o.a.j.t.JMeterThread: Thread started: Thread Group - Account Registration 1-49
2024-01-13 19:56:40,797 INFO o.a.j.t.JMeterThread: Thread started: Thread Group - Account Registration 1-50
2024-01-13 19:56:40,798 INFO o.a.j.t.JMeterThread: Thread is done: Thread Group - Account Registration 1-20
2024-01-13 19:56:40,798 INFO o.a.j.t.JMeterThread: Thread finished: Thread Group - Account Registration 1-20
2024-01-13 19:56:40,827 INFO o.a.j.t.JMeterThread: Thread is done: Thread Group - Account Registration 1-21
2024-01-13 19:56:40,828 INFO o.a.j.t.JMeterThread: Thread finished: Thread Group - Account Registration 1-21
2024-01-13 19:56:40,872 INFO o.a.j.t.JMeterThread: Thread is done: Thread Group - Account Registration 1-22
2024-01-13 19:56:40,872 INFO o.a.j.t.JMeterThread: Thread finished: Thread Group - Account Registration 1-22
2024-01-13 19:56:40,936 INFO o.a.j.t.JMeterThread: Thread is done: Thread Group - Account Registration 1-23
2024-01-13 19:56:40,936 INFO o.a.j.t.JMeterThread: Thread finished: Thread Group - Account Registration 1-23
2024-01-13 19:56:40,980 INFO o.a.j.t.JMeterThread: Thread is done: Thread Group - Account Registration 1-24
2024-01-13 19:56:40,980 INFO o.a.j.t.JMeterThread: Thread finished: Thread Group - Account Registration 1-24
2024-01-13 19:56:41,010 INFO o.a.j.t.JMeterThread: Thread is done: Thread Group - Account Registration 1-25
2024-01-13 19:56:41,010 INFO o.a.j.t.JMeterThread: Thread finished: Thread Group - Account Registration 1-25
2024-01-13 19:56:41,043 INFO o.a.j.t.JMeterThread: Thread is done: Thread Group - Account Registration 1-26
2024-01-13 19:56:41,043 INFO o.a.j.t.JMeterThread: Thread finished: Thread Group - Account Registration 1-26
2024-01-13 19:56:41,077 INFO o.a.j.t.JMeterThread: Thread is done: Thread Group - Account Registration 1-27
2024-01-13 19:56:41,077 INFO o.a.j.t.JMeterThread: Thread finished: Thread Group - Account Registration 1-27
2024-01-13 19:56:41,112 INFO o.a.j.t.JMeterThread: Thread is done: Thread Group - Account Registration 1-28
2024-01-13 19:56:41,112 INFO o.a.j.t.JMeterThread: Thread finished: Thread Group - Account Registration 1-28
2024-01-13 19:56:41,142 INFO o.a.j.t.JMeterThread: Thread is done: Thread Group - Account Registration 1-29
2024-01-13 19:56:41,142 INFO o.a.j.t.JMeterThread: Thread finished: Thread Group - Account Registration 1-29
2024-01-13 19:56:41,182 INFO o.a.j.t.JMeterThread: Thread is done: Thread Group - Account Registration 1-30
2024-01-13 19:56:41,182 INFO o.a.j.t.JMeterThread: Thread finished: Thread Group - Account Registration 1-30
2024-01-13 19:56:41,223 INFO o.a.j.t.JMeterThread: Thread is done: Thread Group - Account Registration 1-31
2024-01-13 19:56:41,223 INFO o.a.j.t.JMeterThread: Thread finished: Thread Group - Account Registration 1-31
2024-01-13 19:56:41,255 INFO o.a.j.t.JMeterThread: Thread is done: Thread Group - Account Registration 1-32
2024-01-13 19:56:41,255 INFO o.a.j.t.JMeterThread: Thread finished: Thread Group - Account Registration 1-32
2024-01-13 19:56:41,288 INFO o.a.j.t.JMeterThread: Thread is done: Thread Group - Account Registration 1-33
2024-01-13 19:56:41,289 INFO o.a.j.t.JMeterThread: Thread finished: Thread Group - Account Registration 1-33
2024-01-13 19:56:41,323 INFO o.a.j.t.JMeterThread: Thread is done: Thread Group - Account Registration 1-34
2024-01-13 19:56:41,323 INFO o.a.j.t.JMeterThread: Thread finished: Thread Group - Account Registration 1-34
2024-01-13 19:56:41,376 INFO o.a.j.t.JMeterThread: Thread is done: Thread Group - Account Registration 1-35
2024-01-13 19:56:41,376 INFO o.a.j.t.JMeterThread: Thread finished: Thread Group - Account Registration 1-35
2024-01-13 19:56:41,485 INFO o.a.j.t.JMeterThread: Thread is done: Thread Group - Account Registration 1-36
2024-01-13 19:56:41,485 INFO o.a.j.t.JMeterThread: Thread finished: Thread Group - Account Registration 1-36
2024-01-13 19:56:41,526 INFO o.a.j.t.JMeterThread: Thread is done: Thread Group - Account Registration 1-37
2024-01-13 19:56:41,527 INFO o.a.j.t.JMeterThread: Thread finished: Thread Group - Account Registration 1-37
2024-01-13 19:56:41,553 INFO o.a.j.t.JMeterThread: Thread is done: Thread Group - Account Registration 1-38
2024-01-13 19:56:41,553 INFO o.a.j.t.JMeterThread: Thread finished: Thread Group - Account Registration 1-38
2024-01-13 19:56:41,576 INFO o.a.j.t.JMeterThread: Thread is done: Thread Group - Account Registration 1-39
2024-01-13 19:56:41,576 INFO o.a.j.t.JMeterThread: Thread finished: Thread Group - Account Registration 1-39
2024-01-13 19:56:41,596 INFO o.a.j.t.JMeterThread: Thread is done: Thread Group - Account Registration 1-40
2024-01-13 19:56:41,596 INFO o.a.j.t.JMeterThread: Thread finished: Thread Group - Account Registration 1-40
2024-01-13 19:56:41,619 INFO o.a.j.t.JMeterThread: Thread is done: Thread Group - Account Registration 1-41
2024-01-13 19:56:41,619 INFO o.a.j.t.JMeterThread: Thread finished: Thread Group - Account Registration 1-41
2024-01-13 19:56:41,649 INFO o.a.j.t.JMeterThread: Thread is done: Thread Group - Account Registration 1-42
2024-01-13 19:56:41,649 INFO o.a.j.t.JMeterThread: Thread finished: Thread Group - Account Registration 1-42
2024-01-13 19:56:41,686 INFO o.a.j.t.JMeterThread: Thread is done: Thread Group - Account Registration 1-43
2024-01-13 19:56:41,687 INFO o.a.j.t.JMeterThread: Thread finished: Thread Group - Account Registration 1-43
2024-01-13 19:56:41,709 INFO o.a.j.t.JMeterThread: Thread is done: Thread Group - Account Registration 1-44
2024-01-13 19:56:41,710 INFO o.a.j.t.JMeterThread: Thread finished: Thread Group - Account Registration 1-44
2024-01-13 19:56:41,744 INFO o.a.j.t.JMeterThread: Thread is done: Thread Group - Account Registration 1-45
2024-01-13 19:56:41,745 INFO o.a.j.t.JMeterThread: Thread finished: Thread Group - Account Registration 1-45
2024-01-13 19:56:41,821 INFO o.a.j.t.JMeterThread: Thread is done: Thread Group - Account Registration 1-46
2024-01-13 19:56:41,821 INFO o.a.j.t.JMeterThread: Thread finished: Thread Group - Account Registration 1-46
2024-01-13 19:56:41,898 INFO o.a.j.t.JMeterThread: Thread is done: Thread Group - Account Registration 1-47
2024-01-13 19:56:41,898 INFO o.a.j.t.JMeterThread: Thread finished: Thread Group - Account Registration 1-47
2024-01-13 19:56:41,933 INFO o.a.j.t.JMeterThread: Thread is done: Thread Group - Account Registration 1-48
2024-01-13 19:56:41,933 INFO o.a.j.t.JMeterThread: Thread finished: Thread Group - Account Registration 1-48
2024-01-13 19:56:41,971 INFO o.a.j.t.JMeterThread: Thread is done: Thread Group - Account Registration 1-49
2024-01-13 19:56:41,972 INFO o.a.j.t.JMeterThread: Thread finished: Thread Group - Account Registration 1-49
2024-01-13 19:56:42,051 INFO o.a.j.t.JMeterThread: Thread is done: Thread Group - Account Registration 1-50
2024-01-13 19:56:42,051 INFO o.a.j.t.JMeterThread: Thread finished: Thread Group - Account Registration 1-50
2024-01-13 19:56:42,052 INFO o.a.j.e.StandardJMeterEngine: Starting ThreadGroup: 2 : Thread Group - Test Scenario
2024-01-13 19:56:42,053 INFO o.a.j.e.StandardJMeterEngine: Starting 50 threads for group Thread Group - Test Scenario.
2024-01-13 19:56:42,053 INFO o.a.j.e.StandardJMeterEngine: Thread will continue on error
2024-01-13 19:56:42,053 INFO o.a.j.t.ThreadGroup: Starting thread group... number=2 threads=50 ramp-up=5 delayedStart=false
2024-01-13 19:56:42,068 INFO o.a.j.t.JMeterThread: Thread started: Thread Group - Test Scenario 2-1
2024-01-13 19:56:42,083 INFO o.a.j.t.ThreadGroup: Started thread group number 2
2024-01-13 19:56:42,083 INFO o.a.j.e.StandardJMeterEngine: All thread groups have been started
2024-01-13 19:56:42,164 INFO o.a.j.t.JMeterThread: Thread started: Thread Group - Test Scenario 2-2
2024-01-13 19:56:42,264 INFO o.a.j.t.JMeterThread: Thread started: Thread Group - Test Scenario 2-3
2024-01-13 19:56:42,362 INFO o.a.j.t.JMeterThread: Thread started: Thread Group - Test Scenario 2-4
2024-01-13 19:56:42,474 INFO o.a.j.t.JMeterThread: Thread started: Thread Group - Test Scenario 2-5
2024-01-13 19:56:42,598 INFO o.a.j.t.JMeterThread: Thread started: Thread Group - Test Scenario 2-6
2024-01-13 19:56:42,661 INFO o.a.j.t.JMeterThread: Thread started: Thread Group - Test Scenario 2-7
2024-01-13 19:56:42,760 INFO o.a.j.t.JMeterThread: Thread started: Thread Group - Test Scenario 2-8
2024-01-13 19:56:42,898 INFO o.a.j.t.JMeterThread: Thread started: Thread Group - Test Scenario 2-9
2024-01-13 19:56:43,011 INFO o.a.j.t.JMeterThread: Thread started: Thread Group - Test Scenario 2-10
2024-01-13 19:56:43,059 INFO o.a.j.t.JMeterThread: Thread started: Thread Group - Test Scenario 2-11
2024-01-13 19:56:43,160 INFO o.a.j.t.JMeterThread: Thread started: Thread Group - Test Scenario 2-12
2024-01-13 19:56:43,311 INFO o.a.j.t.JMeterThread: Thread started: Thread Group - Test Scenario 2-13
2024-01-13 19:56:43,412 INFO o.a.j.t.JMeterThread: Thread started: Thread Group - Test Scenario 2-14
2024-01-13 19:56:43,488 INFO o.a.j.t.JMeterThread: Thread started: Thread Group - Test Scenario 2-15
2024-01-13 19:56:43,589 INFO o.a.j.t.JMeterThread: Thread started: Thread Group - Test Scenario 2-16
2024-01-13 19:56:43,711 INFO o.a.j.t.JMeterThread: Thread started: Thread Group - Test Scenario 2-17
2024-01-13 19:56:43,810 INFO o.a.j.t.JMeterThread: Thread started: Thread Group - Test Scenario 2-18
2024-01-13 19:56:43,891 INFO o.a.j.t.JMeterThread: Thread started: Thread Group - Test Scenario 2-19
2024-01-13 19:56:43,991 INFO o.a.j.t.JMeterThread: Thread started: Thread Group - Test Scenario 2-20
2024-01-13 19:56:44,109 INFO o.a.j.t.JMeterThread: Thread started: Thread Group - Test Scenario 2-21
2024-01-13 19:56:44,210 INFO o.a.j.t.JMeterThread: Thread started: Thread Group - Test Scenario 2-22
2024-01-13 19:56:44,290 INFO o.a.j.t.JMeterThread: Thread started: Thread Group - Test Scenario 2-23
2024-01-13 19:56:44,388 INFO o.a.j.t.JMeterThread: Thread started: Thread Group - Test Scenario 2-24
2024-01-13 19:56:44,508 INFO o.a.j.t.JMeterThread: Thread started: Thread Group - Test Scenario 2-25
2024-01-13 19:56:44,610 INFO o.a.j.t.JMeterThread: Thread started: Thread Group - Test Scenario 2-26
2024-01-13 19:56:44,709 INFO o.a.j.t.JMeterThread: Thread started: Thread Group - Test Scenario 2-27
2024-01-13 19:56:44,809 INFO o.a.j.t.JMeterThread: Thread started: Thread Group - Test Scenario 2-28
2024-01-13 19:56:44,908 INFO o.a.j.t.JMeterThread: Thread started: Thread Group - Test Scenario 2-29
2024-01-13 19:56:45,007 INFO o.a.j.t.JMeterThread: Thread started: Thread Group - Test Scenario 2-30
2024-01-13 19:56:45,106 INFO o.a.j.t.JMeterThread: Thread started: Thread Group - Test Scenario 2-31
2024-01-13 19:56:45,206 INFO o.a.j.t.JMeterThread: Thread started: Thread Group - Test Scenario 2-32
2024-01-13 19:56:45,331 INFO o.a.j.t.JMeterThread: Thread started: Thread Group - Test Scenario 2-33
2024-01-13 19:56:45,452 INFO o.a.j.t.JMeterThread: Thread started: Thread Group - Test Scenario 2-34
2024-01-13 19:56:45,504 INFO o.a.j.t.JMeterThread: Thread started: Thread Group - Test Scenario 2-35
2024-01-13 19:56:45,605 INFO o.a.j.t.JMeterThread: Thread started: Thread Group - Test Scenario 2-36
2024-01-13 19:56:45,767 INFO o.a.j.t.JMeterThread: Thread started: Thread Group - Test Scenario 2-37
2024-01-13 19:56:45,868 INFO o.a.j.t.JMeterThread: Thread started: Thread Group - Test Scenario 2-38
2024-01-13 19:56:45,902 INFO o.a.j.t.JMeterThread: Thread started: Thread Group - Test Scenario 2-39
2024-01-13 19:56:45,972 INFO o.a.j.t.JMeterThread: Thread is done: Thread Group - Test Scenario 2-1
2024-01-13 19:56:45,972 INFO o.a.j.t.JMeterThread: Thread finished: Thread Group - Test Scenario 2-1
2024-01-13 19:56:46,003 INFO o.a.j.t.JMeterThread: Thread started: Thread Group - Test Scenario 2-40
2024-01-13 19:56:46,170 INFO o.a.j.t.JMeterThread: Thread started: Thread Group - Test Scenario 2-41
2024-01-13 19:56:46,270 INFO o.a.j.t.JMeterThread: Thread started: Thread Group - Test Scenario 2-42
2024-01-13 19:56:46,377 INFO o.a.j.t.JMeterThread: Thread started: Thread Group - Test Scenario 2-43
2024-01-13 19:56:46,479 INFO o.a.j.t.JMeterThread: Thread started: Thread Group - Test Scenario 2-44
2024-01-13 19:56:46,568 INFO o.a.j.t.JMeterThread: Thread started: Thread Group - Test Scenario 2-45
2024-01-13 19:56:46,670 INFO o.a.j.t.JMeterThread: Thread started: Thread Group - Test Scenario 2-46
2024-01-13 19:56:46,777 INFO o.a.j.t.JMeterThread: Thread started: Thread Group - Test Scenario 2-47
2024-01-13 19:56:46,877 INFO o.a.j.t.JMeterThread: Thread started: Thread Group - Test Scenario 2-48
2024-01-13 19:56:46,968 INFO o.a.j.t.JMeterThread: Thread started: Thread Group - Test Scenario 2-49
2024-01-13 19:56:47,069 INFO o.a.j.t.JMeterThread: Thread started: Thread Group - Test Scenario 2-50
2024-01-13 19:57:06,017 INFO o.a.j.t.JMeterThread: Thread is done: Thread Group - Test Scenario 2-33
2024-01-13 19:57:06,017 INFO o.a.j.t.JMeterThread: Thread finished: Thread Group - Test Scenario 2-33
2024-01-13 19:57:25,145 INFO o.a.j.t.JMeterThread: Thread is done: Thread Group - Test Scenario 2-2
2024-01-13 19:57:25,146 INFO o.a.j.t.JMeterThread: Thread finished: Thread Group - Test Scenario 2-2
2024-01-13 19:57:27,403 INFO o.a.j.t.JMeterThread: Thread is done: Thread Group - Test Scenario 2-13
2024-01-13 19:57:27,404 INFO o.a.j.t.JMeterThread: Thread finished: Thread Group - Test Scenario 2-13
2024-01-13 19:57:30,235 INFO o.a.j.t.JMeterThread: Thread is done: Thread Group - Test Scenario 2-3
2024-01-13 19:57:30,235 INFO o.a.j.t.JMeterThread: Thread finished: Thread Group - Test Scenario 2-3
2024-01-13 19:57:34,763 INFO o.a.j.t.JMeterThread: Thread is done: Thread Group - Test Scenario 2-4
2024-01-13 19:57:34,764 INFO o.a.j.t.JMeterThread: Thread finished: Thread Group - Test Scenario 2-4
2024-01-13 19:57:40,173 INFO o.a.j.t.JMeterThread: Thread is done: Thread Group - Test Scenario 2-5
2024-01-13 19:57:40,173 INFO o.a.j.t.JMeterThread: Thread finished: Thread Group - Test Scenario 2-5
2024-01-13 19:57:45,774 INFO o.a.j.t.JMeterThread: Thread is done: Thread Group - Test Scenario 2-6
2024-01-13 19:57:45,774 INFO o.a.j.t.JMeterThread: Thread finished: Thread Group - Test Scenario 2-6
2024-01-13 19:58:02,057 INFO o.a.j.t.JMeterThread: Thread is done: Thread Group - Test Scenario 2-7
2024-01-13 19:58:02,058 INFO o.a.j.t.JMeterThread: Thread finished: Thread Group - Test Scenario 2-7
2024-01-13 19:58:07,117 INFO o.a.j.t.JMeterThread: Thread is done: Thread Group - Test Scenario 2-8
2024-01-13 19:58:07,117 INFO o.a.j.t.JMeterThread: Thread finished: Thread Group - Test Scenario 2-8
2024-01-13 19:58:09,660 INFO o.a.j.t.JMeterThread: Thread is done: Thread Group - Test Scenario 2-9
2024-01-13 19:58:09,660 INFO o.a.j.t.JMeterThread: Thread finished: Thread Group - Test Scenario 2-9
2024-01-13 19:58:10,895 INFO o.a.j.t.JMeterThread: Thread is done: Thread Group - Test Scenario 2-10
2024-01-13 19:58:10,895 INFO o.a.j.t.JMeterThread: Thread finished: Thread Group - Test Scenario 2-10
2024-01-13 19:58:11,763 INFO o.a.j.t.JMeterThread: Thread is done: Thread Group - Test Scenario 2-11
2024-01-13 19:58:11,763 INFO o.a.j.t.JMeterThread: Thread finished: Thread Group - Test Scenario 2-11
2024-01-13 19:58:14,252 INFO o.a.j.t.JMeterThread: Thread is done: Thread Group - Test Scenario 2-12
2024-01-13 19:58:14,252 INFO o.a.j.t.JMeterThread: Thread finished: Thread Group - Test Scenario 2-12
2024-01-13 19:58:15,238 INFO o.a.j.t.JMeterThread: Thread is done: Thread Group - Test Scenario 2-14
2024-01-13 19:58:15,238 INFO o.a.j.t.JMeterThread: Thread finished: Thread Group - Test Scenario 2-14
2024-01-13 19:58:16,247 INFO o.a.j.t.JMeterThread: Thread is done: Thread Group - Test Scenario 2-15
2024-01-13 19:58:16,247 INFO o.a.j.t.JMeterThread: Thread finished: Thread Group - Test Scenario 2-15
2024-01-13 19:58:17,804 INFO o.a.j.t.JMeterThread: Thread is done: Thread Group - Test Scenario 2-16
2024-01-13 19:58:17,804 INFO o.a.j.t.JMeterThread: Thread finished: Thread Group - Test Scenario 2-16
2024-01-13 19:58:19,379 INFO o.a.j.t.JMeterThread: Thread is done: Thread Group - Test Scenario 2-17
2024-01-13 19:58:19,380 INFO o.a.j.t.JMeterThread: Thread finished: Thread Group - Test Scenario 2-17
2024-01-13 19:58:20,940 INFO o.a.j.t.JMeterThread: Thread is done: Thread Group - Test Scenario 2-18
2024-01-13 19:58:20,940 INFO o.a.j.t.JMeterThread: Thread finished: Thread Group - Test Scenario 2-18
2024-01-13 19:58:22,376 INFO o.a.j.t.JMeterThread: Thread is done: Thread Group - Test Scenario 2-19
2024-01-13 19:58:22,377 INFO o.a.j.t.JMeterThread: Thread finished: Thread Group - Test Scenario 2-19
2024-01-13 19:58:24,419 INFO o.a.j.t.JMeterThread: Thread is done: Thread Group - Test Scenario 2-20
2024-01-13 19:58:24,419 INFO o.a.j.t.JMeterThread: Thread finished: Thread Group - Test Scenario 2-20
2024-01-13 19:58:25,948 INFO o.a.j.t.JMeterThread: Thread is done: Thread Group - Test Scenario 2-21
2024-01-13 19:58:25,948 INFO o.a.j.t.JMeterThread: Thread finished: Thread Group - Test Scenario 2-21
2024-01-13 19:58:27,283 INFO o.a.j.t.JMeterThread: Thread is done: Thread Group - Test Scenario 2-22
2024-01-13 19:58:27,283 INFO o.a.j.t.JMeterThread: Thread finished: Thread Group - Test Scenario 2-22
2024-01-13 19:58:28,091 INFO o.a.j.t.JMeterThread: Thread is done: Thread Group - Test Scenario 2-23
2024-01-13 19:58:28,091 INFO o.a.j.t.JMeterThread: Thread finished: Thread Group - Test Scenario 2-23
2024-01-13 19:58:29,079 INFO o.a.j.t.JMeterThread: Thread is done: Thread Group - Test Scenario 2-24
2024-01-13 19:58:29,079 INFO o.a.j.t.JMeterThread: Thread finished: Thread Group - Test Scenario 2-24
2024-01-13 19:58:30,126 INFO o.a.j.t.JMeterThread: Thread is done: Thread Group - Test Scenario 2-25
2024-01-13 19:58:30,126 INFO o.a.j.t.JMeterThread: Thread finished: Thread Group - Test Scenario 2-25
2024-01-13 19:58:31,345 INFO o.a.j.t.JMeterThread: Thread is done: Thread Group - Test Scenario 2-26
2024-01-13 19:58:31,345 INFO o.a.j.t.JMeterThread: Thread finished: Thread Group - Test Scenario 2-26
2024-01-13 19:58:32,175 INFO o.a.j.t.JMeterThread: Thread is done: Thread Group - Test Scenario 2-27
2024-01-13 19:58:32,175 INFO o.a.j.t.JMeterThread: Thread finished: Thread Group - Test Scenario 2-27
2024-01-13 19:58:33,603 INFO o.a.j.t.JMeterThread: Thread is done: Thread Group - Test Scenario 2-28
2024-01-13 19:58:33,603 INFO o.a.j.t.JMeterThread: Thread finished: Thread Group - Test Scenario 2-28
2024-01-13 19:58:37,613 INFO o.a.j.t.JMeterThread: Thread is done: Thread Group - Test Scenario 2-29
2024-01-13 19:58:37,613 INFO o.a.j.t.JMeterThread: Thread finished: Thread Group - Test Scenario 2-29
2024-01-13 19:58:39,517 INFO o.a.j.t.JMeterThread: Thread is done: Thread Group - Test Scenario 2-30
2024-01-13 19:58:39,517 INFO o.a.j.t.JMeterThread: Thread finished: Thread Group - Test Scenario 2-30
2024-01-13 19:58:40,848 INFO o.a.j.t.JMeterThread: Thread is done: Thread Group - Test Scenario 2-31
2024-01-13 19:58:40,849 INFO o.a.j.t.JMeterThread: Thread finished: Thread Group - Test Scenario 2-31
2024-01-13 19:58:42,083 INFO o.a.j.t.JMeterThread: Thread is done: Thread Group - Test Scenario 2-32
2024-01-13 19:58:42,083 INFO o.a.j.t.JMeterThread: Thread finished: Thread Group - Test Scenario 2-32
2024-01-13 19:58:43,316 INFO o.a.j.t.JMeterThread: Thread is done: Thread Group - Test Scenario 2-34
2024-01-13 19:58:43,316 INFO o.a.j.t.JMeterThread: Thread finished: Thread Group - Test Scenario 2-34
2024-01-13 19:58:44,395 INFO o.a.j.t.JMeterThread: Thread is done: Thread Group - Test Scenario 2-35
2024-01-13 19:58:44,395 INFO o.a.j.t.JMeterThread: Thread finished: Thread Group - Test Scenario 2-35
2024-01-13 19:58:45,426 INFO o.a.j.t.JMeterThread: Thread is done: Thread Group - Test Scenario 2-36
2024-01-13 19:58:45,426 INFO o.a.j.t.JMeterThread: Thread finished: Thread Group - Test Scenario 2-36
2024-01-13 19:58:46,435 INFO o.a.j.t.JMeterThread: Thread is done: Thread Group - Test Scenario 2-37
2024-01-13 19:58:46,436 INFO o.a.j.t.JMeterThread: Thread finished: Thread Group - Test Scenario 2-37
2024-01-13 19:58:47,637 INFO o.a.j.t.JMeterThread: Thread is done: Thread Group - Test Scenario 2-38
2024-01-13 19:58:47,637 INFO o.a.j.t.JMeterThread: Thread finished: Thread Group - Test Scenario 2-38
2024-01-13 19:58:49,061 INFO o.a.j.t.JMeterThread: Thread is done: Thread Group - Test Scenario 2-39
2024-01-13 19:58:49,061 INFO o.a.j.t.JMeterThread: Thread finished: Thread Group - Test Scenario 2-39
2024-01-13 19:58:50,479 INFO o.a.j.t.JMeterThread: Thread is done: Thread Group - Test Scenario 2-40
2024-01-13 19:58:50,479 INFO o.a.j.t.JMeterThread: Thread finished: Thread Group - Test Scenario 2-40
2024-01-13 19:58:51,712 INFO o.a.j.t.JMeterThread: Thread is done: Thread Group - Test Scenario 2-41
2024-01-13 19:58:51,712 INFO o.a.j.t.JMeterThread: Thread finished: Thread Group - Test Scenario 2-41
2024-01-13 19:58:52,552 INFO o.a.j.t.JMeterThread: Thread is done: Thread Group - Test Scenario 2-42
2024-01-13 19:58:52,552 INFO o.a.j.t.JMeterThread: Thread finished: Thread Group - Test Scenario 2-42
2024-01-13 19:58:53,977 INFO o.a.j.t.JMeterThread: Thread is done: Thread Group - Test Scenario 2-43
2024-01-13 19:58:53,977 INFO o.a.j.t.JMeterThread: Thread finished: Thread Group - Test Scenario 2-43
2024-01-13 19:58:55,050 INFO o.a.j.t.JMeterThread: Thread is done: Thread Group - Test Scenario 2-44
2024-01-13 19:58:55,050 INFO o.a.j.t.JMeterThread: Thread finished: Thread Group - Test Scenario 2-44
2024-01-13 19:58:56,052 INFO o.a.j.t.JMeterThread: Thread is done: Thread Group - Test Scenario 2-45
2024-01-13 19:58:56,052 INFO o.a.j.t.JMeterThread: Thread finished: Thread Group - Test Scenario 2-45
2024-01-13 19:58:57,309 INFO o.a.j.t.JMeterThread: Thread is done: Thread Group - Test Scenario 2-46
2024-01-13 19:58:57,310 INFO o.a.j.t.JMeterThread: Thread finished: Thread Group - Test Scenario 2-46
2024-01-13 19:58:59,758 INFO o.a.j.t.JMeterThread: Thread is done: Thread Group - Test Scenario 2-47
2024-01-13 19:58:59,759 INFO o.a.j.t.JMeterThread: Thread finished: Thread Group - Test Scenario 2-47
2024-01-13 19:59:01,994 INFO o.a.j.t.JMeterThread: Thread is done: Thread Group - Test Scenario 2-48
2024-01-13 19:59:01,994 INFO o.a.j.t.JMeterThread: Thread finished: Thread Group - Test Scenario 2-48
2024-01-13 19:59:04,146 INFO o.a.j.t.JMeterThread: Thread is done: Thread Group - Test Scenario 2-49
2024-01-13 19:59:04,146 INFO o.a.j.t.JMeterThread: Thread finished: Thread Group - Test Scenario 2-49
2024-01-13 19:59:05,183 INFO o.a.j.t.JMeterThread: Thread is done: Thread Group - Test Scenario 2-50
2024-01-13 19:59:05,183 INFO o.a.j.t.JMeterThread: Thread finished: Thread Group - Test Scenario 2-50
2024-01-13 19:59:05,184 INFO o.a.j.e.StandardJMeterEngine: Notifying test listeners of end of test
2024-01-13 19:59:05,184 INFO o.a.j.g.u.JMeterMenuBar: setRunning(false, *local*)
